<?xml version="1.0" encoding="UTF-8"?>
<!-- Generated by org.testng.reporters.JUnitXMLReporter -->
<testsuite ignored="0" hostname="Oguzhan-MacBook-Air.local" failures="1" tests="3" name="Surefire test" time="0.42" errors="0" timestamp="2025-08-26T21:33:47 GMT+03:00">
  <testcase classname="io.cucumber.testng.AbstractTestNGCucumberTests" name="runScenario" time="0.041">
    <failure type="java.lang.IllegalStateException" message="Cannot stop.  Current container state was: CONSTRUCTED">
      <![CDATA[java.lang.IllegalStateException: Cannot stop.  Current container state was: CONSTRUCTED
at org.picocontainer.lifecycle.DefaultLifecycleState.stopping(DefaultLifecycleState.java:72)
at org.picocontainer.DefaultPicoContainer.stop(DefaultPicoContainer.java:794)
at io.cucumber.picocontainer.PicoFactory.stop(PicoFactory.java:50)
at io.cucumber.core.runner.Runner.disposeBackendWorlds(Runner.java:156)
at io.cucumber.core.runner.Runner.runPickle(Runner.java:78)
at io.cucumber.testng.TestNGCucumberRunner.lambda$runScenario$1(TestNGCucumberRunner.java:132)
at io.cucumber.core.runtime.CucumberExecutionContext.lambda$runTestCase$5(CucumberExecutionContext.java:137)
at io.cucumber.core.runtime.RethrowingThrowableCollector.executeAndThrow(RethrowingThrowableCollector.java:23)
at io.cucumber.core.runtime.CucumberExecutionContext.runTestCase(CucumberExecutionContext.java:137)
at io.cucumber.testng.TestNGCucumberRunner.runScenario(TestNGCucumberRunner.java:129)
at io.cucumber.testng.AbstractTestNGCucumberTests.runScenario(AbstractTestNGCucumberTests.java:35)
at java.base/java.util.ArrayList.forEach(ArrayList.java:1604)
... Removed 30 stack frames]]>
    </failure>
  </testcase> <!-- runScenario -->
  <testcase classname="io.cucumber.testng.AbstractTestNGCucumberTests" name="runScenario" time="0.04"/>
  <testcase classname="io.cucumber.testng.AbstractTestNGCucumberTests" name="runScenario" time="0.007"/>
</testsuite> <!-- Surefire test -->
