<?xml version="1.0" encoding="UTF-8"?>
<testsuite name="Cucumber" time="48.553" tests="4" skipped="0" failures="4" errors="0">
<testcase classname="Chrome Browser Test" name="Chrome'da Google'a Gitme" time="48.454">
<failure type="java.lang.RuntimeException" message="Driver bulunamadı: device1">
<![CDATA[java.lang.RuntimeException: Driver bulunamadı: device1
	at com.appiumautomation.steps.ChromeSteps.kullaniciCihazdaChromuAcar(ChromeSteps.java:27)
	at ✽.kullanıcı "device1" cihazında Chrome'u açar(file:///Users/swt/Desktop/git/AppiumAutomation/src/test/resources/features/chrome_test.feature:9)
]]>
</failure>
<system-out><![CDATA[
Given kullanıcı "device1" cihazında Chrome'u açar...........................failed
And kullanıcı "device2" cihazında Chrome'u açar.............................skipped
When kullanıcı "device1" cihazında "google.com" adresine gider..............skipped
And kullanıcı "device2" cihazında "google.com" adresine gider...............skipped
Then kullanıcı "device1" cihazında "Google" başlığını görür.................skipped
And kullanıcı "device2" cihazında "Google" başlığını görür..................skipped
When kullanıcı "device1" cihazında arama kutusuna "Appium" yazar............skipped
And kullanıcı "device2" cihazında arama kutusuna "Selenium" yazar...........skipped
Then kullanıcı "device1" cihazında arama sonuçlarını görür..................skipped
And kullanıcı "device2" cihazında arama sonuçlarını görür...................skipped
]]></system-out>
</testcase>
<testcase classname="Android Ayarlar Uygulaması Testleri" name="Wi-Fi Ayarlarını Kontrol Etme" time="0.002">
<failure type="java.lang.RuntimeException" message="Driver bulunamadı: device1">
<![CDATA[java.lang.RuntimeException: Driver bulunamadı: device1
	at com.appiumautomation.steps.CommonSteps.kullaniciCihazdaUygulamayiAcar(CommonSteps.java:28)
	at ✽.kullanıcı "device1" cihazında uygulamayı açar(file:///Users/swt/Desktop/git/AppiumAutomation/src/test/resources/features/settings_test.feature:6)
]]>
</failure>
<system-out><![CDATA[
Given kullanıcı "device1" cihazında uygulamayı açar.........................failed
And kullanıcı "device2" cihazında uygulamayı açar...........................skipped
When kullanıcı "device1" cihazında "Wi-Fi" elementini tıklar................skipped
And kullanıcı "device2" cihazında "Wi-Fi" elementini tıklar.................skipped
Then kullanıcı "device1" cihazında "Wi-Fi" elementinin görünür olduğunu doğrular.skipped
And kullanıcı "device2" cihazında "Wi-Fi" elementinin görünür olduğunu doğrular.skipped
When kullanıcı "device1" cihazında geri tuşuna basar........................skipped
And kullanıcı "device2" cihazında geri tuşuna basar.........................skipped
]]></system-out>
</testcase>
<testcase classname="Android Ayarlar Uygulaması Testleri" name="Ayarlar Arama Fonksiyonu" time="0.002">
<failure type="java.lang.RuntimeException" message="Driver bulunamadı: device1">
<![CDATA[java.lang.RuntimeException: Driver bulunamadı: device1
	at com.appiumautomation.steps.CommonSteps.kullaniciCihazdaUygulamayiAcar(CommonSteps.java:28)
	at ✽.kullanıcı "device1" cihazında uygulamayı açar(file:///Users/swt/Desktop/git/AppiumAutomation/src/test/resources/features/settings_test.feature:6)
]]>
</failure>
<system-out><![CDATA[
Given kullanıcı "device1" cihazında uygulamayı açar.........................failed
And kullanıcı "device2" cihazında uygulamayı açar...........................skipped
When kullanıcı "device1" cihazında "Arama" alanına "Wi-Fi" yazar............skipped
And kullanıcı "device2" cihazında "Arama" alanına "Bluetooth" yazar.........skipped
Then kullanıcı "device1" cihazında "Wi-Fi" metninin görünür olduğunu doğrular.skipped
And kullanıcı "device2" cihazında "Bluetooth" metninin görünür olduğunu doğrular.skipped
When kullanıcı "device1" cihazında geri tuşuna basar........................skipped
And kullanıcı "device2" cihazında geri tuşuna basar.........................skipped
]]></system-out>
</testcase>
<testcase classname="Android Ayarlar Uygulaması Testleri" name="Ayarlar Menüsünde Gezinme" time="0.001">
<failure type="java.lang.RuntimeException" message="Driver bulunamadı: device1">
<![CDATA[java.lang.RuntimeException: Driver bulunamadı: device1
	at com.appiumautomation.steps.CommonSteps.kullaniciCihazdaUygulamayiAcar(CommonSteps.java:28)
	at ✽.kullanıcı "device1" cihazında uygulamayı açar(file:///Users/swt/Desktop/git/AppiumAutomation/src/test/resources/features/settings_test.feature:6)
]]>
</failure>
<system-out><![CDATA[
Given kullanıcı "device1" cihazında uygulamayı açar.........................failed
And kullanıcı "device2" cihazında uygulamayı açar...........................skipped
When kullanıcı "device1" cihazında "Ayarlar" elementini tıklar..............skipped
And kullanıcı "device2" cihazında "Ayarlar" elementini tıklar...............skipped
Then kullanıcı "device1" cihazında "Ayarlar" elementinin görünür olduğunu doğrular.skipped
And kullanıcı "device2" cihazında "Ayarlar" elementinin görünür olduğunu doğrular.skipped
When kullanıcı "device1" cihazında 2 saniye bekler..........................skipped
And kullanıcı "device2" cihazında 2 saniye bekler...........................skipped
]]></system-out>
</testcase>
</testsuite>
