<?xml version="1.0" encoding="UTF-8"?>
<testsuite xmlns:xsi="http://www.w3.org/2001/XMLSchema-instance" xsi:noNamespaceSchemaLocation="https://maven.apache.org/surefire/maven-surefire-plugin/xsd/surefire-test-report-3.0.xsd" version="3.0" name="com.appiumautomation.testrunners.SimpleCucumberTest" time="0.876" tests="3" errors="0" skipped="0" failures="1">
  <properties>
[...]
</properties>
  <testcase name="runScenario[&quot;Wi-Fi Ayarlarını Kontrol Etme&quot;, &quot;Android Ayarlar Uygulaması Testleri&quot;](1)" classname="com.appiumautomation.testrunners.SimpleCucumberTest" time="0.044">
    <failure message="Cannot stop.  Current container state was: CONSTRUCTED" type="java.lang.IllegalStateException"><![CDATA[java.lang.IllegalStateException: Cannot stop.  Current container state was: CONSTRUCTED
	at org.picocontainer.lifecycle.DefaultLifecycleState.stopping(DefaultLifecycleState.java:72)
	at org.picocontainer.DefaultPicoContainer.stop(DefaultPicoContainer.java:794)
	at io.cucumber.picocontainer.PicoFactory.stop(PicoFactory.java:50)
	at io.cucumber.core.runner.Runner.disposeBackendWorlds(Runner.java:156)
	at io.cucumber.core.runner.Runner.runPickle(Runner.java:78)
	at io.cucumber.testng.TestNGCucumberRunner.lambda$runScenario$1(TestNGCucumberRunner.java:132)
	at io.cucumber.core.runtime.CucumberExecutionContext.lambda$runTestCase$5(CucumberExecutionContext.java:137)
	at io.cucumber.core.runtime.RethrowingThrowableCollector.executeAndThrow(RethrowingThrowableCollector.java:23)
	at io.cucumber.core.runtime.CucumberExecutionContext.runTestCase(CucumberExecutionContext.java:137)
	at io.cucumber.testng.TestNGCucumberRunner.runScenario(TestNGCucumberRunner.java:129)
	at io.cucumber.testng.AbstractTestNGCucumberTests.runScenario(AbstractTestNGCucumberTests.java:35)
	at java.base/jdk.internal.reflect.DirectMethodHandleAccessor.invoke(DirectMethodHandleAccessor.java:104)
	at java.base/java.lang.reflect.Method.invoke(Method.java:565)
	at org.testng.internal.invokers.MethodInvocationHelper.invokeMethod(MethodInvocationHelper.java:139)
	at org.testng.internal.invokers.TestInvoker.invokeMethod(TestInvoker.java:677)
	at org.testng.internal.invokers.TestInvoker.invokeTestMethod(TestInvoker.java:221)
	at org.testng.internal.invokers.MethodRunner.runInSequence(MethodRunner.java:50)
	at org.testng.internal.invokers.TestInvoker$MethodInvocationAgent.invoke(TestInvoker.java:969)
	at org.testng.internal.invokers.TestInvoker.invokeTestMethods(TestInvoker.java:194)
	at org.testng.internal.invokers.TestMethodWorker.invokeTestMethods(TestMethodWorker.java:148)
	at org.testng.internal.invokers.TestMethodWorker.run(TestMethodWorker.java:128)
	at java.base/java.util.ArrayList.forEach(ArrayList.java:1604)
	at org.testng.TestRunner.privateRun(TestRunner.java:829)
	at org.testng.TestRunner.run(TestRunner.java:602)
	at org.testng.SuiteRunner.runTest(SuiteRunner.java:437)
	at org.testng.SuiteRunner.runSequentially(SuiteRunner.java:431)
	at org.testng.SuiteRunner.privateRun(SuiteRunner.java:391)
	at org.testng.SuiteRunner.run(SuiteRunner.java:330)
	at org.testng.SuiteRunnerWorker.runSuite(SuiteRunnerWorker.java:52)
	at org.testng.SuiteRunnerWorker.run(SuiteRunnerWorker.java:95)
	at org.testng.TestNG.runSuitesSequentially(TestNG.java:1256)
	at org.testng.TestNG.runSuitesLocally(TestNG.java:1176)
	at org.testng.TestNG.runSuites(TestNG.java:1099)
	at org.testng.TestNG.run(TestNG.java:1067)
	at org.apache.maven.surefire.testng.TestNGExecutor.run(TestNGExecutor.java:155)
	at org.apache.maven.surefire.testng.TestNGDirectoryTestSuite.executeSingleClass(TestNGDirectoryTestSuite.java:102)
	at org.apache.maven.surefire.testng.TestNGDirectoryTestSuite.execute(TestNGDirectoryTestSuite.java:91)
	at org.apache.maven.surefire.testng.TestNGProvider.invoke(TestNGProvider.java:137)
	at org.apache.maven.surefire.booter.ForkedBooter.runSuitesInProcess(ForkedBooter.java:385)
	at org.apache.maven.surefire.booter.ForkedBooter.execute(ForkedBooter.java:162)
	at org.apache.maven.surefire.booter.ForkedBooter.run(ForkedBooter.java:507)
	at org.apache.maven.surefire.booter.ForkedBooter.main(ForkedBooter.java:495)
]]></failure>
    <system-out><![CDATA[=== Basit Cucumber Test Başlatılıyor ===
]]></system-out>
  </testcase>
  <testcase name="runScenario[&quot;Ayarlar Arama Fonksiyonu&quot;, &quot;Android Ayarlar Uygulaması Testleri&quot;](2)" classname="com.appiumautomation.testrunners.SimpleCucumberTest" time="0.028">
    <system-out><![CDATA[
@settings @android @search @regression
Scenario: Ayarlar Arama Fonksiyonu                                                 # src/test/resources/features/settings_test.feature:21
  Given kullanıcı "device1" cihazında uygulamayı açar                              # com.appiumautomation.steps.CommonSteps.kullaniciCihazdaUygulamayiAcar(java.lang.String)
  And kullanıcı "device2" cihazında uygulamayı açar                                # com.appiumautomation.steps.CommonSteps.kullaniciCihazdaUygulamayiAcar(java.lang.String)
  When kullanıcı "device1" cihazında "Arama" alanına "Wi-Fi" yazar                 # com.appiumautomation.steps.CommonSteps.kullaniciCihazdaAlanaYazar(java.lang.String,java.lang.String,java.lang.String)
  And kullanıcı "device2" cihazında "Arama" alanına "Bluetooth" yazar              # com.appiumautomation.steps.CommonSteps.kullaniciCihazdaAlanaYazar(java.lang.String,java.lang.String,java.lang.String)
  Then kullanıcı "device1" cihazında "Wi-Fi" metninin görünür olduğunu doğrular    # com.appiumautomation.steps.CommonSteps.kullaniciCihazdaMetnininGorunurOldugunuDogrular(java.lang.String,java.lang.String)
  And kullanıcı "device2" cihazında "Bluetooth" metninin görünür olduğunu doğrular # com.appiumautomation.steps.CommonSteps.kullaniciCihazdaMetnininGorunurOldugunuDogrular(java.lang.String,java.lang.String)
  When kullanıcı "device1" cihazında geri tuşuna basar                             # com.appiumautomation.steps.CommonSteps.kullaniciCihazdaGeriTusunaBasar(java.lang.String)
  And kullanıcı "device2" cihazında geri tuşuna basar                              # com.appiumautomation.steps.CommonSteps.kullaniciCihazdaGeriTusunaBasar(java.lang.String)
]]></system-out>
  </testcase>
  <testcase name="runScenario[&quot;Ayarlar Menüsünde Gezinme&quot;, &quot;Android Ayarlar Uygulaması Testleri&quot;](3)" classname="com.appiumautomation.testrunners.SimpleCucumberTest" time="0.004">
    <system-out><![CDATA[
@settings @android @navigation @smoke
Scenario: Ayarlar Menüsünde Gezinme                                                  # src/test/resources/features/settings_test.feature:32
  Given kullanıcı "device1" cihazında uygulamayı açar                                # com.appiumautomation.steps.CommonSteps.kullaniciCihazdaUygulamayiAcar(java.lang.String)
  And kullanıcı "device2" cihazında uygulamayı açar                                  # com.appiumautomation.steps.CommonSteps.kullaniciCihazdaUygulamayiAcar(java.lang.String)
  When kullanıcı "device1" cihazında "Ayarlar" elementini tıklar                     # com.appiumautomation.steps.CommonSteps.kullaniciCihazdaElementiniTiklar(java.lang.String,java.lang.String)
  And kullanıcı "device2" cihazında "Ayarlar" elementini tıklar                      # com.appiumautomation.steps.CommonSteps.kullaniciCihazdaElementiniTiklar(java.lang.String,java.lang.String)
  Then kullanıcı "device1" cihazında "Ayarlar" elementinin görünür olduğunu doğrular # com.appiumautomation.steps.CommonSteps.kullaniciCihazdaElementininGorunurOldugunuDogrular(java.lang.String,java.lang.String)
  And kullanıcı "device2" cihazında "Ayarlar" elementinin görünür olduğunu doğrular  # com.appiumautomation.steps.CommonSteps.kullaniciCihazdaElementininGorunurOldugunuDogrular(java.lang.String,java.lang.String)
  When kullanıcı "device1" cihazında 2 saniye bekler                                 # com.appiumautomation.steps.CommonSteps.kullaniciCihazdaSaniyeBekler(java.lang.String,int)
  And kullanıcı "device2" cihazında 2 saniye bekler                                  # com.appiumautomation.steps.CommonSteps.kullaniciCihazdaSaniyeBekler(java.lang.String,int)
]]></system-out>
  </testcase>
</testsuite>