-------------------------------------------------------------------------------
Test set: TestSuite
-------------------------------------------------------------------------------
Tests run: 4, Failures: 4, Errors: 0, Skipped: 0, Time elapsed: 44.87 s <<< FAILURE! -- in TestSuite
com.appiumautomation.testrunners.CucumberTestRunner.runScenario["Chrome'da Google'a Gitme", "Chrome Browser Test"](1) -- Time elapsed: 44.39 s <<< FAILURE!
java.lang.RuntimeException: Driver bulunamadı: device1
	at com.appiumautomation.steps.ChromeSteps.kullaniciCihazdaChromuAcar(ChromeSteps.java:27)
	at ✽.kullanıcı "device1" cihazında Chrome'u açar(file:///Users/swt/Desktop/git/AppiumAutomation/src/test/resources/features/chrome_test.feature:9)

com.appiumautomation.testrunners.CucumberTestRunner.runScenario["Wi-Fi Ayarlarını Kontrol Etme", "Android Ayarlar Uygulaması Testleri"](2) -- Time elapsed: 0.004 s <<< FAILURE!
java.lang.RuntimeException: Driver bulunamadı: device1
	at com.appiumautomation.steps.CommonSteps.kullaniciCihazdaUygulamayiAcar(CommonSteps.java:28)
	at ✽.kullanıcı "device1" cihazında uygulamayı açar(file:///Users/swt/Desktop/git/AppiumAutomation/src/test/resources/features/settings_test.feature:6)

com.appiumautomation.testrunners.CucumberTestRunner.runScenario["Ayarlar Arama Fonksiyonu", "Android Ayarlar Uygulaması Testleri"](3) -- Time elapsed: 0.005 s <<< FAILURE!
java.lang.RuntimeException: Driver bulunamadı: device1
	at com.appiumautomation.steps.CommonSteps.kullaniciCihazdaUygulamayiAcar(CommonSteps.java:28)
	at ✽.kullanıcı "device1" cihazında uygulamayı açar(file:///Users/swt/Desktop/git/AppiumAutomation/src/test/resources/features/settings_test.feature:6)

com.appiumautomation.testrunners.CucumberTestRunner.runScenario["Ayarlar Menüsünde Gezinme", "Android Ayarlar Uygulaması Testleri"](4) -- Time elapsed: 0.005 s <<< FAILURE!
java.lang.RuntimeException: Driver bulunamadı: device1
	at com.appiumautomation.steps.CommonSteps.kullaniciCihazdaUygulamayiAcar(CommonSteps.java:28)
	at ✽.kullanıcı "device1" cihazında uygulamayı açar(file:///Users/swt/Desktop/git/AppiumAutomation/src/test/resources/features/settings_test.feature:6)

