<?xml version="1.0" encoding="UTF-8"?>
<testsuite xmlns:xsi="http://www.w3.org/2001/XMLSchema-instance" xsi:noNamespaceSchemaLocation="https://maven.apache.org/surefire/maven-surefire-plugin/xsd/surefire-test-report-3.0.xsd" version="3.0" name="TestSuite" time="44.865" tests="4" errors="0" skipped="0" failures="4">
  <properties>
[...]
</properties>
  <testcase name="runScenario[&quot;Chrome&apos;da Google&apos;a Gitme&quot;, &quot;Chrome Browser Test&quot;](1)" classname="com.appiumautomation.testrunners.CucumberTestRunner" time="44.393">
    <failure message="Driver bulunamadı: device1" type="java.lang.RuntimeException"><![CDATA[java.lang.RuntimeException: Driver bulunamadı: device1
	at com.appiumautomation.steps.ChromeSteps.kullaniciCihazdaChromuAcar(ChromeSteps.java:27)
	at ✽.kullanıcı "device1" cihazında Chrome'u açar(file:///Users/swt/Desktop/git/AppiumAutomation/src/test/resources/features/chrome_test.feature:9)
]]></failure>
    <system-out><![CDATA[=== Appium Multi Device Test Suite Başlatılıyor ===
Test ortamı hazırlanıyor...

@chrome @android @browser @smoke @chrome_open @google
Scenario: Chrome'da Google'a Gitme                                  # src/test/resources/features/chrome_test.feature:8
15:33:45.043 [main] INFO  com.appiumautomation.hooks.Hooks - Test başlatılıyor: Chrome'da Google'a Gitme
15:33:45.044 [main] INFO  com.appiumautomation.hooks.Hooks - Test ortamı başlatılıyor... Test Modu: EMULATORS
15:33:45.045 [main] INFO  com.appiumautomation.hooks.Hooks - Emulator modu başlatılıyor...
15:33:45.431 [main] INFO  c.a.utils.EmulatorManager - Bulunan AVD: Medium_Phone_API_36.0
15:33:45.432 [main] INFO  c.a.utils.EmulatorManager - Bulunan AVD: Medium_Phone_API_36.0_2
15:33:45.435 [main] INFO  com.appiumautomation.hooks.Hooks - Test için seçilen AVD'ler: [Medium_Phone_API_36.0, Medium_Phone_API_36.0_2]
15:33:45.436 [main] INFO  c.a.utils.EmulatorManager - Sanal cihazlar başlatılıyor...
15:33:45.436 [pool-2-thread-1] INFO  c.a.utils.EmulatorManager - Emulator başlatılıyor: Medium_Phone_API_36.0
15:33:45.436 [pool-2-thread-2] INFO  c.a.utils.EmulatorManager - Emulator başlatılıyor: Medium_Phone_API_36.0_2
15:34:00.640 [pool-2-thread-1] INFO  c.a.utils.EmulatorManager - Emulator başarıyla başlatıldı: Medium_Phone_API_36.0 - Port: 5554
15:34:00.640 [pool-2-thread-2] INFO  c.a.utils.EmulatorManager - Emulator başarıyla başlatıldı: Medium_Phone_API_36.0_2 - Port: 5556
15:34:15.441 [main] INFO  c.a.utils.EmulatorManager - 2 sanal cihaz başlatıldı
15:34:15.443 [main] INFO  c.a.utils.AppiumServerManager - Appium sunucuları başlatılıyor...
15:34:15.446 [pool-3-thread-1] INFO  c.a.utils.AppiumServerManager - Appium sunucusu başlatılıyor - Port: 4723, Cihaz: sdk_gphone64_arm64
15:34:15.446 [pool-3-thread-2] INFO  c.a.utils.AppiumServerManager - Appium sunucusu başlatılıyor - Port: 4724, Cihaz: sdk_gphone64_arm64
15:34:23.459 [pool-3-thread-2] INFO  c.a.utils.AppiumServerManager - Appium sunucusu başarıyla başlatıldı - Port: 4724, Cihaz: sdk_gphone64_arm64
15:34:23.459 [pool-3-thread-1] INFO  c.a.utils.AppiumServerManager - Appium sunucusu başarıyla başlatıldı - Port: 4723, Cihaz: sdk_gphone64_arm64
15:34:25.451 [main] INFO  c.a.utils.AppiumServerManager - 2 Appium sunucusu başlatıldı
15:34:25.455 [main] INFO  c.a.core.DriverManager - Driver'lar başlatılıyor...
15:34:27.624 [main] ERROR c.a.core.DriverManager - Driver oluşturulurken hata: emulator-5554
org.openqa.selenium.SessionNotCreatedException: Could not start a new session. Response code 500. Message: No Chromedriver found that can automate Chrome '133.0.6943'. You could also try to enable automated chromedrivers download as a possible workaround. 
Host info: host: 'OguzhanCakiroglu-MacBook-Pro.local', ip: 'fe80:0:0:0:145f:df87:1a85:da35%en0'
Build info: version: '4.13.0', revision: 'ba948ece5b*'
System info: os.name: 'Mac OS X', os.arch: 'aarch64', os.version: '15.6', java.version: '24.0.2'
Driver info: io.appium.java_client.android.AndroidDriver
Command: [null, newSession {capabilities=[{appium:noReset=true, appium:systemPort=8200, appium:udid=emulator-5554, appium:autoGrantPermissions=true, appium:newCommandTimeout=60, browserName=Chrome, appium:deviceName=sdk_gphone64_arm64, platformName=ANDROID, appium:automationName=UiAutomator2, appium:fullReset=false, appium:platformVersion=16}], desiredCapabilities=Capabilities {appium:autoGrantPermissions: true, appium:automationName: UiAutomator2, appium:deviceName: sdk_gphone64_arm64, appium:fullReset: false, appium:newCommandTimeout: 60, appium:noReset: true, appium:platformVersion: 16, appium:systemPort: 8200, appium:udid: emulator-5554, browserName: Chrome, platformName: ANDROID}}]
Capabilities {appium:autoGrantPermissions: true, appium:automationName: UiAutomator2, appium:deviceName: sdk_gphone64_arm64, appium:fullReset: false, appium:newCommandTimeout: 60, appium:noReset: true, appium:platformVersion: 16, appium:systemPort: 8200, appium:udid: emulator-5554, browserName: Chrome, platformName: ANDROID}
	at org.openqa.selenium.remote.ProtocolHandshake.createSession(ProtocolHandshake.java:140)
	at java.base/jdk.internal.reflect.DirectMethodHandleAccessor.invoke(DirectMethodHandleAccessor.java:104)
	at java.base/java.lang.reflect.Method.invoke(Method.java:565)
	at io.appium.java_client.remote.AppiumProtocolHandshake.createSession(AppiumProtocolHandshake.java:133)
	at io.appium.java_client.remote.AppiumProtocolHandshake.createSession(AppiumProtocolHandshake.java:102)
	at io.appium.java_client.remote.AppiumCommandExecutor.createSession(AppiumCommandExecutor.java:182)
	at io.appium.java_client.remote.AppiumCommandExecutor.execute(AppiumCommandExecutor.java:250)
	at org.openqa.selenium.remote.RemoteWebDriver.execute(RemoteWebDriver.java:602)
	at io.appium.java_client.AppiumDriver.startSession(AppiumDriver.java:274)
	at org.openqa.selenium.remote.RemoteWebDriver.<init>(RemoteWebDriver.java:163)
	at io.appium.java_client.AppiumDriver.<init>(AppiumDriver.java:89)
	at io.appium.java_client.AppiumDriver.<init>(AppiumDriver.java:101)
	at io.appium.java_client.android.AndroidDriver.<init>(AndroidDriver.java:113)
	at com.appiumautomation.core.DriverManager.createDriver(DriverManager.java:74)
	at com.appiumautomation.core.DriverManager.initializeDrivers(DriverManager.java:38)
	at com.appiumautomation.hooks.Hooks.initializeTestEnvironment(Hooks.java:78)
	at com.appiumautomation.hooks.Hooks.setUp(Hooks.java:34)
	at java.base/jdk.internal.reflect.DirectMethodHandleAccessor.invoke(DirectMethodHandleAccessor.java:104)
	at java.base/java.lang.reflect.Method.invoke(Method.java:565)
	at io.cucumber.java.Invoker.doInvoke(Invoker.java:66)
	at io.cucumber.java.Invoker.invoke(Invoker.java:24)
	at io.cucumber.java.AbstractGlueDefinition.invokeMethod(AbstractGlueDefinition.java:47)
	at io.cucumber.java.JavaHookDefinition.execute(JavaHookDefinition.java:64)
	at io.cucumber.core.runner.CoreHookDefinition.execute(CoreHookDefinition.java:46)
	at io.cucumber.core.runner.HookDefinitionMatch.runStep(HookDefinitionMatch.java:21)
	at io.cucumber.core.runner.ExecutionMode$1.execute(ExecutionMode.java:10)
	at io.cucumber.core.runner.TestStep.executeStep(TestStep.java:84)
	at io.cucumber.core.runner.TestStep.run(TestStep.java:56)
	at io.cucumber.core.runner.TestCase.run(TestCase.java:78)
	at io.cucumber.core.runner.Runner.runPickle(Runner.java:75)
	at io.cucumber.testng.TestNGCucumberRunner.lambda$runScenario$1(TestNGCucumberRunner.java:132)
	at io.cucumber.core.runtime.CucumberExecutionContext.lambda$runTestCase$5(CucumberExecutionContext.java:137)
	at io.cucumber.core.runtime.RethrowingThrowableCollector.executeAndThrow(RethrowingThrowableCollector.java:23)
	at io.cucumber.core.runtime.CucumberExecutionContext.runTestCase(CucumberExecutionContext.java:137)
	at io.cucumber.testng.TestNGCucumberRunner.runScenario(TestNGCucumberRunner.java:129)
	at io.cucumber.testng.AbstractTestNGCucumberTests.runScenario(AbstractTestNGCucumberTests.java:35)
	at java.base/jdk.internal.reflect.DirectMethodHandleAccessor.invoke(DirectMethodHandleAccessor.java:104)
	at java.base/java.lang.reflect.Method.invoke(Method.java:565)
	at org.testng.internal.invokers.MethodInvocationHelper.invokeMethod(MethodInvocationHelper.java:139)
	at org.testng.internal.invokers.TestInvoker.invokeMethod(TestInvoker.java:677)
	at org.testng.internal.invokers.TestInvoker.invokeTestMethod(TestInvoker.java:221)
	at org.testng.internal.invokers.MethodRunner.runInSequence(MethodRunner.java:50)
	at org.testng.internal.invokers.TestInvoker$MethodInvocationAgent.invoke(TestInvoker.java:969)
	at org.testng.internal.invokers.TestInvoker.invokeTestMethods(TestInvoker.java:194)
	at org.testng.internal.invokers.TestMethodWorker.invokeTestMethods(TestMethodWorker.java:148)
	at org.testng.internal.invokers.TestMethodWorker.run(TestMethodWorker.java:128)
	at java.base/java.util.ArrayList.forEach(ArrayList.java:1604)
	at org.testng.TestRunner.privateRun(TestRunner.java:829)
	at org.testng.TestRunner.run(TestRunner.java:602)
	at org.testng.SuiteRunner.runTest(SuiteRunner.java:437)
	at org.testng.SuiteRunner.runSequentially(SuiteRunner.java:431)
	at org.testng.SuiteRunner.privateRun(SuiteRunner.java:391)
	at org.testng.SuiteRunner.run(SuiteRunner.java:330)
	at org.testng.SuiteRunnerWorker.runSuite(SuiteRunnerWorker.java:52)
	at org.testng.SuiteRunnerWorker.run(SuiteRunnerWorker.java:95)
	at org.testng.TestNG.runSuitesSequentially(TestNG.java:1256)
	at org.testng.TestNG.runSuitesLocally(TestNG.java:1176)
	at org.testng.TestNG.runSuites(TestNG.java:1099)
	at org.testng.TestNG.run(TestNG.java:1067)
	at org.apache.maven.surefire.testng.TestNGExecutor.run(TestNGExecutor.java:308)
	at org.apache.maven.surefire.testng.TestNGXmlTestSuite.execute(TestNGXmlTestSuite.java:71)
	at org.apache.maven.surefire.testng.TestNGProvider.invoke(TestNGProvider.java:113)
	at org.apache.maven.surefire.booter.ForkedBooter.runSuitesInProcess(ForkedBooter.java:385)
	at org.apache.maven.surefire.booter.ForkedBooter.execute(ForkedBooter.java:162)
	at org.apache.maven.surefire.booter.ForkedBooter.run(ForkedBooter.java:507)
	at org.apache.maven.surefire.booter.ForkedBooter.main(ForkedBooter.java:495)
15:34:29.379 [main] ERROR c.a.core.DriverManager - Driver oluşturulurken hata: emulator-5556
org.openqa.selenium.SessionNotCreatedException: Could not start a new session. Response code 500. Message: No Chromedriver found that can automate Chrome '133.0.6943'. You could also try to enable automated chromedrivers download as a possible workaround. 
Host info: host: 'OguzhanCakiroglu-MacBook-Pro.local', ip: 'fe80:0:0:0:145f:df87:1a85:da35%en0'
Build info: version: '4.13.0', revision: 'ba948ece5b*'
System info: os.name: 'Mac OS X', os.arch: 'aarch64', os.version: '15.6', java.version: '24.0.2'
Driver info: io.appium.java_client.android.AndroidDriver
Command: [null, newSession {capabilities=[{appium:noReset=true, appium:systemPort=8201, appium:udid=emulator-5556, appium:autoGrantPermissions=true, appium:newCommandTimeout=60, browserName=Chrome, appium:deviceName=sdk_gphone64_arm64, platformName=ANDROID, appium:automationName=UiAutomator2, appium:fullReset=false, appium:platformVersion=16}], desiredCapabilities=Capabilities {appium:autoGrantPermissions: true, appium:automationName: UiAutomator2, appium:deviceName: sdk_gphone64_arm64, appium:fullReset: false, appium:newCommandTimeout: 60, appium:noReset: true, appium:platformVersion: 16, appium:systemPort: 8201, appium:udid: emulator-5556, browserName: Chrome, platformName: ANDROID}}]
Capabilities {appium:autoGrantPermissions: true, appium:automationName: UiAutomator2, appium:deviceName: sdk_gphone64_arm64, appium:fullReset: false, appium:newCommandTimeout: 60, appium:noReset: true, appium:platformVersion: 16, appium:systemPort: 8201, appium:udid: emulator-5556, browserName: Chrome, platformName: ANDROID}
	at org.openqa.selenium.remote.ProtocolHandshake.createSession(ProtocolHandshake.java:140)
	at java.base/jdk.internal.reflect.DirectMethodHandleAccessor.invoke(DirectMethodHandleAccessor.java:104)
	at java.base/java.lang.reflect.Method.invoke(Method.java:565)
	at io.appium.java_client.remote.AppiumProtocolHandshake.createSession(AppiumProtocolHandshake.java:133)
	at io.appium.java_client.remote.AppiumProtocolHandshake.createSession(AppiumProtocolHandshake.java:102)
	at io.appium.java_client.remote.AppiumCommandExecutor.createSession(AppiumCommandExecutor.java:182)
	at io.appium.java_client.remote.AppiumCommandExecutor.execute(AppiumCommandExecutor.java:250)
	at org.openqa.selenium.remote.RemoteWebDriver.execute(RemoteWebDriver.java:602)
	at io.appium.java_client.AppiumDriver.startSession(AppiumDriver.java:274)
	at org.openqa.selenium.remote.RemoteWebDriver.<init>(RemoteWebDriver.java:163)
	at io.appium.java_client.AppiumDriver.<init>(AppiumDriver.java:89)
	at io.appium.java_client.AppiumDriver.<init>(AppiumDriver.java:101)
	at io.appium.java_client.android.AndroidDriver.<init>(AndroidDriver.java:113)
	at com.appiumautomation.core.DriverManager.createDriver(DriverManager.java:74)
	at com.appiumautomation.core.DriverManager.initializeDrivers(DriverManager.java:38)
	at com.appiumautomation.hooks.Hooks.initializeTestEnvironment(Hooks.java:78)
	at com.appiumautomation.hooks.Hooks.setUp(Hooks.java:34)
	at java.base/jdk.internal.reflect.DirectMethodHandleAccessor.invoke(DirectMethodHandleAccessor.java:104)
	at java.base/java.lang.reflect.Method.invoke(Method.java:565)
	at io.cucumber.java.Invoker.doInvoke(Invoker.java:66)
	at io.cucumber.java.Invoker.invoke(Invoker.java:24)
	at io.cucumber.java.AbstractGlueDefinition.invokeMethod(AbstractGlueDefinition.java:47)
	at io.cucumber.java.JavaHookDefinition.execute(JavaHookDefinition.java:64)
	at io.cucumber.core.runner.CoreHookDefinition.execute(CoreHookDefinition.java:46)
	at io.cucumber.core.runner.HookDefinitionMatch.runStep(HookDefinitionMatch.java:21)
	at io.cucumber.core.runner.ExecutionMode$1.execute(ExecutionMode.java:10)
	at io.cucumber.core.runner.TestStep.executeStep(TestStep.java:84)
	at io.cucumber.core.runner.TestStep.run(TestStep.java:56)
	at io.cucumber.core.runner.TestCase.run(TestCase.java:78)
	at io.cucumber.core.runner.Runner.runPickle(Runner.java:75)
	at io.cucumber.testng.TestNGCucumberRunner.lambda$runScenario$1(TestNGCucumberRunner.java:132)
	at io.cucumber.core.runtime.CucumberExecutionContext.lambda$runTestCase$5(CucumberExecutionContext.java:137)
	at io.cucumber.core.runtime.RethrowingThrowableCollector.executeAndThrow(RethrowingThrowableCollector.java:23)
	at io.cucumber.core.runtime.CucumberExecutionContext.runTestCase(CucumberExecutionContext.java:137)
	at io.cucumber.testng.TestNGCucumberRunner.runScenario(TestNGCucumberRunner.java:129)
	at io.cucumber.testng.AbstractTestNGCucumberTests.runScenario(AbstractTestNGCucumberTests.java:35)
	at java.base/jdk.internal.reflect.DirectMethodHandleAccessor.invoke(DirectMethodHandleAccessor.java:104)
	at java.base/java.lang.reflect.Method.invoke(Method.java:565)
	at org.testng.internal.invokers.MethodInvocationHelper.invokeMethod(MethodInvocationHelper.java:139)
	at org.testng.internal.invokers.TestInvoker.invokeMethod(TestInvoker.java:677)
	at org.testng.internal.invokers.TestInvoker.invokeTestMethod(TestInvoker.java:221)
	at org.testng.internal.invokers.MethodRunner.runInSequence(MethodRunner.java:50)
	at org.testng.internal.invokers.TestInvoker$MethodInvocationAgent.invoke(TestInvoker.java:969)
	at org.testng.internal.invokers.TestInvoker.invokeTestMethods(TestInvoker.java:194)
	at org.testng.internal.invokers.TestMethodWorker.invokeTestMethods(TestMethodWorker.java:148)
	at org.testng.internal.invokers.TestMethodWorker.run(TestMethodWorker.java:128)
	at java.base/java.util.ArrayList.forEach(ArrayList.java:1604)
	at org.testng.TestRunner.privateRun(TestRunner.java:829)
	at org.testng.TestRunner.run(TestRunner.java:602)
	at org.testng.SuiteRunner.runTest(SuiteRunner.java:437)
	at org.testng.SuiteRunner.runSequentially(SuiteRunner.java:431)
	at org.testng.SuiteRunner.privateRun(SuiteRunner.java:391)
	at org.testng.SuiteRunner.run(SuiteRunner.java:330)
	at org.testng.SuiteRunnerWorker.runSuite(SuiteRunnerWorker.java:52)
	at org.testng.SuiteRunnerWorker.run(SuiteRunnerWorker.java:95)
	at org.testng.TestNG.runSuitesSequentially(TestNG.java:1256)
	at org.testng.TestNG.runSuitesLocally(TestNG.java:1176)
	at org.testng.TestNG.runSuites(TestNG.java:1099)
	at org.testng.TestNG.run(TestNG.java:1067)
	at org.apache.maven.surefire.testng.TestNGExecutor.run(TestNGExecutor.java:308)
	at org.apache.maven.surefire.testng.TestNGXmlTestSuite.execute(TestNGXmlTestSuite.java:71)
	at org.apache.maven.surefire.testng.TestNGProvider.invoke(TestNGProvider.java:113)
	at org.apache.maven.surefire.booter.ForkedBooter.runSuitesInProcess(ForkedBooter.java:385)
	at org.apache.maven.surefire.booter.ForkedBooter.execute(ForkedBooter.java:162)
	at org.apache.maven.surefire.booter.ForkedBooter.run(ForkedBooter.java:507)
	at org.apache.maven.surefire.booter.ForkedBooter.main(ForkedBooter.java:495)
15:34:29.381 [main] INFO  c.a.core.DriverManager - Toplam 0 driver oluşturuldu
15:34:29.381 [main] INFO  com.appiumautomation.hooks.Hooks - Test ortamı başarıyla başlatıldı - 2 cihaz hazır
15:34:29.383 [main] INFO  c.appiumautomation.steps.ChromeSteps - Chrome açılıyor - Cihaz: device1
  Given kullanıcı "device1" cihazında Chrome'u açar                 # com.appiumautomation.steps.ChromeSteps.kullaniciCihazdaChromuAcar(java.lang.String)
      java.lang.RuntimeException: Driver bulunamadı: device1
	at com.appiumautomation.steps.ChromeSteps.kullaniciCihazdaChromuAcar(ChromeSteps.java:27)
	at ✽.kullanıcı "device1" cihazında Chrome'u açar(file:///Users/swt/Desktop/git/AppiumAutomation/src/test/resources/features/chrome_test.feature:9)

  And kullanıcı "device2" cihazında Chrome'u açar                   # com.appiumautomation.steps.ChromeSteps.kullaniciCihazdaChromuAcar(java.lang.String)
  When kullanıcı "device1" cihazında "google.com" adresine gider    # com.appiumautomation.steps.ChromeSteps.kullaniciCihazdaAdreseGider(java.lang.String,java.lang.String)
  And kullanıcı "device2" cihazında "google.com" adresine gider     # com.appiumautomation.steps.ChromeSteps.kullaniciCihazdaAdreseGider(java.lang.String,java.lang.String)
  Then kullanıcı "device1" cihazında "Google" başlığını görür       # com.appiumautomation.steps.ChromeSteps.kullaniciCihazdaBasligiGorur(java.lang.String,java.lang.String)
  And kullanıcı "device2" cihazında "Google" başlığını görür        # com.appiumautomation.steps.ChromeSteps.kullaniciCihazdaBasligiGorur(java.lang.String,java.lang.String)
  When kullanıcı "device1" cihazında arama kutusuna "Appium" yazar  # com.appiumautomation.steps.ChromeSteps.kullaniciCihazdaAramaKutusunaYazar(java.lang.String,java.lang.String)
  And kullanıcı "device2" cihazında arama kutusuna "Selenium" yazar # com.appiumautomation.steps.ChromeSteps.kullaniciCihazdaAramaKutusunaYazar(java.lang.String,java.lang.String)
  Then kullanıcı "device1" cihazında arama sonuçlarını görür        # com.appiumautomation.steps.ChromeSteps.kullaniciCihazdaAramaSonuclariniGorur(java.lang.String)
  And kullanıcı "device2" cihazında arama sonuçlarını görür         # com.appiumautomation.steps.ChromeSteps.kullaniciCihazdaAramaSonuclariniGorur(java.lang.String)
15:34:29.386 [main] INFO  com.appiumautomation.hooks.Hooks - Test tamamlandı: Chrome'da Google'a Gitme - Durum: FAILED
15:34:29.386 [main] ERROR com.appiumautomation.hooks.Hooks - Test başarısız: Chrome'da Google'a Gitme
]]></system-out>
  </testcase>
  <testcase name="runScenario[&quot;Wi-Fi Ayarlarını Kontrol Etme&quot;, &quot;Android Ayarlar Uygulaması Testleri&quot;](2)" classname="com.appiumautomation.testrunners.CucumberTestRunner" time="0.004">
    <failure message="Driver bulunamadı: device1" type="java.lang.RuntimeException"><![CDATA[java.lang.RuntimeException: Driver bulunamadı: device1
	at com.appiumautomation.steps.CommonSteps.kullaniciCihazdaUygulamayiAcar(CommonSteps.java:28)
	at ✽.kullanıcı "device1" cihazında uygulamayı açar(file:///Users/swt/Desktop/git/AppiumAutomation/src/test/resources/features/settings_test.feature:6)
]]></failure>
    <system-out><![CDATA[
@settings @android @wifi @smoke
Scenario: Wi-Fi Ayarlarını Kontrol Etme                                            # src/test/resources/features/settings_test.feature:10
15:34:29.394 [main] INFO  com.appiumautomation.hooks.Hooks - Test başlatılıyor: Wi-Fi Ayarlarını Kontrol Etme
15:34:29.394 [main] INFO  c.appiumautomation.steps.CommonSteps - Uygulama açılıyor - Cihaz: device1
  Given kullanıcı "device1" cihazında uygulamayı açar                              # com.appiumautomation.steps.CommonSteps.kullaniciCihazdaUygulamayiAcar(java.lang.String)
      java.lang.RuntimeException: Driver bulunamadı: device1
	at com.appiumautomation.steps.CommonSteps.kullaniciCihazdaUygulamayiAcar(CommonSteps.java:28)
	at ✽.kullanıcı "device1" cihazında uygulamayı açar(file:///Users/swt/Desktop/git/AppiumAutomation/src/test/resources/features/settings_test.feature:6)

  And kullanıcı "device2" cihazında uygulamayı açar                                # com.appiumautomation.steps.CommonSteps.kullaniciCihazdaUygulamayiAcar(java.lang.String)
  When kullanıcı "device1" cihazında "Wi-Fi" elementini tıklar                     # com.appiumautomation.steps.CommonSteps.kullaniciCihazdaElementiniTiklar(java.lang.String,java.lang.String)
  And kullanıcı "device2" cihazında "Wi-Fi" elementini tıklar                      # com.appiumautomation.steps.CommonSteps.kullaniciCihazdaElementiniTiklar(java.lang.String,java.lang.String)
  Then kullanıcı "device1" cihazında "Wi-Fi" elementinin görünür olduğunu doğrular # com.appiumautomation.steps.CommonSteps.kullaniciCihazdaElementininGorunurOldugunuDogrular(java.lang.String,java.lang.String)
  And kullanıcı "device2" cihazında "Wi-Fi" elementinin görünür olduğunu doğrular  # com.appiumautomation.steps.CommonSteps.kullaniciCihazdaElementininGorunurOldugunuDogrular(java.lang.String,java.lang.String)
  When kullanıcı "device1" cihazında geri tuşuna basar                             # com.appiumautomation.steps.CommonSteps.kullaniciCihazdaGeriTusunaBasar(java.lang.String)
  And kullanıcı "device2" cihazında geri tuşuna basar                              # com.appiumautomation.steps.CommonSteps.kullaniciCihazdaGeriTusunaBasar(java.lang.String)
15:34:29.395 [main] INFO  com.appiumautomation.hooks.Hooks - Test tamamlandı: Wi-Fi Ayarlarını Kontrol Etme - Durum: FAILED
15:34:29.395 [main] ERROR com.appiumautomation.hooks.Hooks - Test başarısız: Wi-Fi Ayarlarını Kontrol Etme
]]></system-out>
  </testcase>
  <testcase name="runScenario[&quot;Ayarlar Arama Fonksiyonu&quot;, &quot;Android Ayarlar Uygulaması Testleri&quot;](3)" classname="com.appiumautomation.testrunners.CucumberTestRunner" time="0.005">
    <failure message="Driver bulunamadı: device1" type="java.lang.RuntimeException"><![CDATA[java.lang.RuntimeException: Driver bulunamadı: device1
	at com.appiumautomation.steps.CommonSteps.kullaniciCihazdaUygulamayiAcar(CommonSteps.java:28)
	at ✽.kullanıcı "device1" cihazında uygulamayı açar(file:///Users/swt/Desktop/git/AppiumAutomation/src/test/resources/features/settings_test.feature:6)
]]></failure>
    <system-out><![CDATA[
@settings @android @search @regression
Scenario: Ayarlar Arama Fonksiyonu                                                 # src/test/resources/features/settings_test.feature:21
15:34:29.400 [main] INFO  com.appiumautomation.hooks.Hooks - Test başlatılıyor: Ayarlar Arama Fonksiyonu
15:34:29.400 [main] INFO  c.appiumautomation.steps.CommonSteps - Uygulama açılıyor - Cihaz: device1
  Given kullanıcı "device1" cihazında uygulamayı açar                              # com.appiumautomation.steps.CommonSteps.kullaniciCihazdaUygulamayiAcar(java.lang.String)
      java.lang.RuntimeException: Driver bulunamadı: device1
	at com.appiumautomation.steps.CommonSteps.kullaniciCihazdaUygulamayiAcar(CommonSteps.java:28)
	at ✽.kullanıcı "device1" cihazında uygulamayı açar(file:///Users/swt/Desktop/git/AppiumAutomation/src/test/resources/features/settings_test.feature:6)

  And kullanıcı "device2" cihazında uygulamayı açar                                # com.appiumautomation.steps.CommonSteps.kullaniciCihazdaUygulamayiAcar(java.lang.String)
  When kullanıcı "device1" cihazında "Arama" alanına "Wi-Fi" yazar                 # com.appiumautomation.steps.CommonSteps.kullaniciCihazdaAlanaYazar(java.lang.String,java.lang.String,java.lang.String)
  And kullanıcı "device2" cihazında "Arama" alanına "Bluetooth" yazar              # com.appiumautomation.steps.CommonSteps.kullaniciCihazdaAlanaYazar(java.lang.String,java.lang.String,java.lang.String)
  Then kullanıcı "device1" cihazında "Wi-Fi" metninin görünür olduğunu doğrular    # com.appiumautomation.steps.CommonSteps.kullaniciCihazdaMetnininGorunurOldugunuDogrular(java.lang.String,java.lang.String)
  And kullanıcı "device2" cihazında "Bluetooth" metninin görünür olduğunu doğrular # com.appiumautomation.steps.CommonSteps.kullaniciCihazdaMetnininGorunurOldugunuDogrular(java.lang.String,java.lang.String)
  When kullanıcı "device1" cihazında geri tuşuna basar                             # com.appiumautomation.steps.CommonSteps.kullaniciCihazdaGeriTusunaBasar(java.lang.String)
  And kullanıcı "device2" cihazında geri tuşuna basar                              # com.appiumautomation.steps.CommonSteps.kullaniciCihazdaGeriTusunaBasar(java.lang.String)
15:34:29.401 [main] INFO  com.appiumautomation.hooks.Hooks - Test tamamlandı: Ayarlar Arama Fonksiyonu - Durum: FAILED
15:34:29.401 [main] ERROR com.appiumautomation.hooks.Hooks - Test başarısız: Ayarlar Arama Fonksiyonu
]]></system-out>
  </testcase>
  <testcase name="runScenario[&quot;Ayarlar Menüsünde Gezinme&quot;, &quot;Android Ayarlar Uygulaması Testleri&quot;](4)" classname="com.appiumautomation.testrunners.CucumberTestRunner" time="0.005">
    <failure message="Driver bulunamadı: device1" type="java.lang.RuntimeException"><![CDATA[java.lang.RuntimeException: Driver bulunamadı: device1
	at com.appiumautomation.steps.CommonSteps.kullaniciCihazdaUygulamayiAcar(CommonSteps.java:28)
	at ✽.kullanıcı "device1" cihazında uygulamayı açar(file:///Users/swt/Desktop/git/AppiumAutomation/src/test/resources/features/settings_test.feature:6)
]]></failure>
    <system-out><![CDATA[
@settings @android @navigation @smoke
Scenario: Ayarlar Menüsünde Gezinme                                                  # src/test/resources/features/settings_test.feature:32
15:34:29.405 [main] INFO  com.appiumautomation.hooks.Hooks - Test başlatılıyor: Ayarlar Menüsünde Gezinme
15:34:29.405 [main] INFO  c.appiumautomation.steps.CommonSteps - Uygulama açılıyor - Cihaz: device1
  Given kullanıcı "device1" cihazında uygulamayı açar                                # com.appiumautomation.steps.CommonSteps.kullaniciCihazdaUygulamayiAcar(java.lang.String)
      java.lang.RuntimeException: Driver bulunamadı: device1
	at com.appiumautomation.steps.CommonSteps.kullaniciCihazdaUygulamayiAcar(CommonSteps.java:28)
	at ✽.kullanıcı "device1" cihazında uygulamayı açar(file:///Users/swt/Desktop/git/AppiumAutomation/src/test/resources/features/settings_test.feature:6)

  And kullanıcı "device2" cihazında uygulamayı açar                                  # com.appiumautomation.steps.CommonSteps.kullaniciCihazdaUygulamayiAcar(java.lang.String)
  When kullanıcı "device1" cihazında "Ayarlar" elementini tıklar                     # com.appiumautomation.steps.CommonSteps.kullaniciCihazdaElementiniTiklar(java.lang.String,java.lang.String)
  And kullanıcı "device2" cihazında "Ayarlar" elementini tıklar                      # com.appiumautomation.steps.CommonSteps.kullaniciCihazdaElementiniTiklar(java.lang.String,java.lang.String)
  Then kullanıcı "device1" cihazında "Ayarlar" elementinin görünür olduğunu doğrular # com.appiumautomation.steps.CommonSteps.kullaniciCihazdaElementininGorunurOldugunuDogrular(java.lang.String,java.lang.String)
  And kullanıcı "device2" cihazında "Ayarlar" elementinin görünür olduğunu doğrular  # com.appiumautomation.steps.CommonSteps.kullaniciCihazdaElementininGorunurOldugunuDogrular(java.lang.String,java.lang.String)
  When kullanıcı "device1" cihazında 2 saniye bekler                                 # com.appiumautomation.steps.CommonSteps.kullaniciCihazdaSaniyeBekler(java.lang.String,int)
  And kullanıcı "device2" cihazında 2 saniye bekler                                  # com.appiumautomation.steps.CommonSteps.kullaniciCihazdaSaniyeBekler(java.lang.String,int)
15:34:29.406 [main] INFO  com.appiumautomation.hooks.Hooks - Test tamamlandı: Ayarlar Menüsünde Gezinme - Durum: FAILED
15:34:29.406 [main] ERROR com.appiumautomation.hooks.Hooks - Test başarısız: Ayarlar Menüsünde Gezinme
]]></system-out>
  </testcase>
</testsuite>